Connected to MongoDB
Parsing from: /home/bhuvan/reconftw/Recon/testphp.vulnweb.com
Matched /home/bhuvan/reconftw/Recon/testphp.vulnweb.com/hosts/ipinfo.txt: Found 53 items
Matched /home/bhuvan/reconftw/Recon/testphp.vulnweb.com/hosts/cdn_providers.txt: Found 1 items
Matched /home/bhuvan/reconftw/Recon/testphp.vulnweb.com/hosts/ips.txt: Found 1 items
Matched /home/bhuvan/reconftw/Recon/testphp.vulnweb.com/vulns/webcache.txt: Found 4 items
Matched /home/bhuvan/reconftw/Recon/testphp.vulnweb.com/vulns/brokenLinks.txt: Found 21 items
Matched /home/bhuvan/reconftw/Recon/testphp.vulnweb.com/gf/endpoints.txt: Found 470 items
Matched /home/bhuvan/reconftw/Recon/testphp.vulnweb.com/.tmp/EmailHarvester.txt: Found 1 items
Matched /home/bhuvan/reconftw/Recon/testphp.vulnweb.com/.tmp/subwiz_resolved.txt: Found 1 items
Matched /home/bhuvan/reconftw/Recon/testphp.vulnweb.com/.tmp/subdomains_old.txt: Found 1 items
Matched /home/bhuvan/reconftw/Recon/testphp.vulnweb.com/.tmp/cloudnames.txt: Found 3 items
Matched /home/bhuvan/reconftw/Recon/testphp.vulnweb.com/.tmp/webcache.txt: Found 4 items
Matched /home/bhuvan/reconftw/Recon/testphp.vulnweb.com/.tmp/subwiz.txt: Found 499 items
Matched /home/bhuvan/reconftw/Recon/testphp.vulnweb.com/.tmp/webs_new_count: Found 1 items
Matched /home/bhuvan/reconftw/Recon/testphp.vulnweb.com/.tmp/web_full_info.txt: Found 44 items
Matched /home/bhuvan/reconftw/Recon/testphp.vulnweb.com/.tmp/passive_subs.txt: Found 3 items
Matched /home/bhuvan/reconftw/Recon/testphp.vulnweb.com/.tmp/probed_old.txt: Found 1 items
Matched /home/bhuvan/reconftw/Recon/testphp.vulnweb.com/.tmp/permute1.txt: Found 1 items
Matched /home/bhuvan/reconftw/Recon/testphp.vulnweb.com/.tmp/arjun.json: Found 357 items
Matched /home/bhuvan/reconftw/Recon/testphp.vulnweb.com/.tmp/url_extract_js.txt: Found 2 items
Matched /home/bhuvan/reconftw/Recon/testphp.vulnweb.com/.tmp/url_extract_uddup.txt: Found 533 items
Matched /home/bhuvan/reconftw/Recon/testphp.vulnweb.com/.tmp/url_extract_tmp2.txt: Found 550 items
Matched /home/bhuvan/reconftw/Recon/testphp.vulnweb.com/.tmp/web_full_info1.txt: Found 1 items
Matched /home/bhuvan/reconftw/Recon/testphp.vulnweb.com/.tmp/webs_nowaf.txt: Found 2 items
Matched /home/bhuvan/reconftw/Recon/testphp.vulnweb.com/.tmp/katana_targets_normal.txt: Found 1 items
Matched /home/bhuvan/reconftw/Recon/testphp.vulnweb.com/.tmp/4xxbypass.txt: Found 57 items
Matched /home/bhuvan/reconftw/Recon/testphp.vulnweb.com/.tmp/permute2.txt: Found 1 items
Matched /home/bhuvan/reconftw/Recon/testphp.vulnweb.com/.tmp/scrap_subs_resolved.txt: Found 2 items
Matched /home/bhuvan/reconftw/Recon/testphp.vulnweb.com/.tmp/brokenLinks_total.txt: Found 21 items
Matched /home/bhuvan/reconftw/Recon/testphp.vulnweb.com/.tmp/probed_tmp_scrap.txt: Found 1 items
Matched /home/bhuvan/reconftw/Recon/testphp.vulnweb.com/.tmp/permute_subs.txt: Found 1 items
Matched /home/bhuvan/reconftw/Recon/testphp.vulnweb.com/.tmp/fuzzing/testphp.vulnweb.com.json: Found 1 items
Matched /home/bhuvan/reconftw/Recon/testphp.vulnweb.com/.tmp/403test.txt: Found 8 items
Matched /home/bhuvan/reconftw/Recon/testphp.vulnweb.com/.tmp/katana.txt: Found 99 items
Matched /home/bhuvan/reconftw/Recon/testphp.vulnweb.com/.tmp/subdomains_tmp.txt: Found 1 items
Matched /home/bhuvan/reconftw/Recon/testphp.vulnweb.com/.tmp/url_extract_tmp.txt: Found 11769 items
Matched /home/bhuvan/reconftw/Recon/testphp.vulnweb.com/.tmp/probed_tmp.txt: Found 1 items
Matched /home/bhuvan/reconftw/Recon/testphp.vulnweb.com/.tmp/cms.txt: Found 1 items
Matched /home/bhuvan/reconftw/Recon/testphp.vulnweb.com/.tmp/azcontainers.txt: Found 9 items
Matched /home/bhuvan/reconftw/Recon/testphp.vulnweb.com/.tmp/webs_subs.txt: Found 2 items
Matched /home/bhuvan/reconftw/Recon/testphp.vulnweb.com/.tmp/fuzzparams_json.txt: Found 35 items
Matched /home/bhuvan/reconftw/Recon/testphp.vulnweb.com/.tmp/webs_normal.txt: Found 1 items
Matched /home/bhuvan/reconftw/Recon/testphp.vulnweb.com/.tmp/subfinder_psub.txt: Found 3 items
Matched /home/bhuvan/reconftw/Recon/testphp.vulnweb.com/webs/web_full_info.txt: Found 44 items
Matched /home/bhuvan/reconftw/Recon/testphp.vulnweb.com/webs/dict_keys.txt: Found 520 items
Matched /home/bhuvan/reconftw/Recon/testphp.vulnweb.com/webs/urls_by_ext.txt: Found 12340 items
Matched /home/bhuvan/reconftw/Recon/testphp.vulnweb.com/webs/url_extract.txt: Found 533 items
Matched /home/bhuvan/reconftw/Recon/testphp.vulnweb.com/webs/params_discovered.txt: Found 3 items
Matched /home/bhuvan/reconftw/Recon/testphp.vulnweb.com/webs/url_extract_nodupes.txt: Found 520 items
Matched /home/bhuvan/reconftw/Recon/testphp.vulnweb.com/webs/dict_words.txt: Found 9661 items
Matched /home/bhuvan/reconftw/Recon/testphp.vulnweb.com/webs/dict_values.txt: Found 10102 items
Matched /home/bhuvan/reconftw/Recon/testphp.vulnweb.com/webs/web_full_info_plain.txt: Found 1 items
Matched /home/bhuvan/reconftw/Recon/testphp.vulnweb.com/webs/webs.txt: Found 1 items
Matched /home/bhuvan/reconftw/Recon/testphp.vulnweb.com/webs/webs_all.txt: Found 1 items
Matched /home/bhuvan/reconftw/Recon/testphp.vulnweb.com/webs/password_dict.txt: Found 2952 items
Matched /home/bhuvan/reconftw/Recon/testphp.vulnweb.com/subdomains/subdomains.txt: Found 1 items
Matched /home/bhuvan/reconftw/Recon/testphp.vulnweb.com/nuclei_output/info_json.txt: Found 8 items
Matched /home/bhuvan/reconftw/Recon/testphp.vulnweb.com/.log/2026-01-24_01:30:05.txt: Found 255 items
Matched /home/bhuvan/reconftw/Recon/testphp.vulnweb.com/.log/2026-01-23_10:56:01.txt: Found 14 items
Matched /home/bhuvan/reconftw/Recon/testphp.vulnweb.com/.log/2026-01-24_01:56:23.txt: Found 25 items
Matched /home/bhuvan/reconftw/Recon/testphp.vulnweb.com/debug_vulnweb.html: Found 261 items
Matched /home/bhuvan/reconftw/Recon/testphp.vulnweb.com/fuzzing/fuzzing_full.txt: Found 94 items
Matched /home/bhuvan/reconftw/Recon/testphp.vulnweb.com/fuzzing/testphp.vulnweb.com.txt: Found 94 items
Matched /home/bhuvan/reconftw/Recon/testphp.vulnweb.com/osint/postman_leaks.txt: Found 8 items
Matched /home/bhuvan/reconftw/Recon/testphp.vulnweb.com/osint/swagger_leaks.txt: Found 1 items
Matched /home/bhuvan/reconftw/Recon/testphp.vulnweb.com/osint/3rdparts_misconfigurations.txt: Found 613 items
Matched /home/bhuvan/reconftw/Recon/testphp.vulnweb.com/osint/scopify.txt: Found 3 items
Matched /home/bhuvan/reconftw/Recon/testphp.vulnweb.com/osint/domain_info_general.txt: Found 33 items
Matched /home/bhuvan/reconftw/Recon/testphp.vulnweb.com/osint/dorks.txt: Found 26 items
Matched /home/bhuvan/reconftw/Recon/testphp.vulnweb.com/osint/azure_tenant_domains.txt: Found 15 items
Matched /home/bhuvan/reconftw/Recon/testphp.vulnweb.com/js/url_extract_js.txt: Found 2 items
Matched /home/bhuvan/reconftw/Recon/testphp.vulnweb.com/js/js_livelinks.txt: Found 1 items
Matched /home/bhuvan/reconftw/Recon/testphp.vulnweb.com/.tmp/subdomains_old.txt: Found 1 items
  First 5 items: testphp.vulnweb.com
Matched /home/bhuvan/reconftw/Recon/testphp.vulnweb.com/.tmp/scrap_subs_resolved.txt: Found 2 items
  First 5 items: r87.com, testphp.vulnweb.com
Matched /home/bhuvan/reconftw/Recon/testphp.vulnweb.com/.tmp/subdomains_tmp.txt: Found 1 items
  First 5 items: testphp.vulnweb.com
Matched /home/bhuvan/reconftw/Recon/testphp.vulnweb.com/subdomains/subdomains.txt: Found 1 items
  First 5 items: testphp.vulnweb.com
Matched /home/bhuvan/reconftw/Recon/testphp.vulnweb.com/hosts/ipinfo.txt: Found 53 items
Matched /home/bhuvan/reconftw/Recon/testphp.vulnweb.com/hosts/cdn_providers.txt: Found 1 items
Matched /home/bhuvan/reconftw/Recon/testphp.vulnweb.com/hosts/ips.txt: Found 1 items
Matched /home/bhuvan/reconftw/Recon/testphp.vulnweb.com/.tmp/probed_old.txt: Found 1 items
Matched /home/bhuvan/reconftw/Recon/testphp.vulnweb.com/.tmp/probed_tmp_scrap.txt: Found 1 items
Matched /home/bhuvan/reconftw/Recon/testphp.vulnweb.com/.tmp/probed_tmp.txt: Found 1 items
Matched /home/bhuvan/reconftw/Recon/testphp.vulnweb.com/js/js_livelinks.txt: Found 1 items
Matched /home/bhuvan/reconftw/Recon/testphp.vulnweb.com/osint/postman_leaks.txt: Found 8 items
Matched /home/bhuvan/reconftw/Recon/testphp.vulnweb.com/osint/swagger_leaks.txt: Found 1 items
Matched /home/bhuvan/reconftw/Recon/testphp.vulnweb.com/osint/3rdparts_misconfigurations.txt: Found 613 items
Matched /home/bhuvan/reconftw/Recon/testphp.vulnweb.com/osint/scopify.txt: Found 3 items
Matched /home/bhuvan/reconftw/Recon/testphp.vulnweb.com/osint/domain_info_general.txt: Found 33 items
Matched /home/bhuvan/reconftw/Recon/testphp.vulnweb.com/osint/dorks.txt: Found 26 items
Matched /home/bhuvan/reconftw/Recon/testphp.vulnweb.com/osint/azure_tenant_domains.txt: Found 15 items
Found 36367 vulnerabilities
Scan updated: Score=0, Grade=F, Findings=36367
